<?xml version="1.0" encoding="UTF-8"?>
<testng-results ignored="0" total="2" passed="2" failed="0" skipped="0">
  <reporter-output>
  </reporter-output>
  <suite started-at="2020-07-14T17:43:17 IST" name="Default suite" finished-at="2020-07-14T17:43:35 IST" duration-ms="17328">
    <groups>
    </groups>
    <test started-at="2020-07-14T17:43:17 IST" name="Default test" finished-at="2020-07-14T17:43:35 IST" duration-ms="17328">
      <class name="com.QE.hs.KeywordTests.LoginTest">
        <test-method signature="loginTest()[pri:0, instance:com.QE.hs.KeywordTests.LoginTest@6fe7aac8]" started-at="2020-07-14T17:43:18 IST" name="loginTest" finished-at="2020-07-14T17:43:35 IST" duration-ms="17101" status="PASS">
          <reporter-output>
          </reporter-output>
        </test-method> <!-- loginTest -->
        <test-method signature="signUpTest()[pri:0, instance:com.QE.hs.KeywordTests.LoginTest@6fe7aac8]" started-at="2020-07-14T17:43:35 IST" name="signUpTest" finished-at="2020-07-14T17:43:35 IST" duration-ms="121" status="PASS">
          <reporter-output>
          </reporter-output>
        </test-method> <!-- signUpTest -->
      </class> <!-- com.QE.hs.KeywordTests.LoginTest -->
    </test> <!-- Default test -->
  </suite> <!-- Default suite -->
</testng-results>
